<?xml version="1.0" encoding="UTF-8"?><TestSessionContainer xmlns="http://www.codecover.org/xml/testsession-container" Date="1585149033290" TestSessionContainerId="2b1f6b38-6360-43ec-8eaf-1e593d270ba1" version="1.0">
<SrcFileList>
<SrcFile Content="package esercizio1;&#13;&#10;&#13;&#10;public class Light {&#13;&#10;&#13;&#10;&#9;private boolean lightOn = false;&#13;&#10;&#9;private boolean bottomIn = false;&#13;&#10;&#9;private boolean bottomOut = false;&#13;&#10;&#13;&#10;&#9;Light() {&#13;&#10;&#9;}&#13;&#10;&#13;&#10;&#9;public boolean onOff(boolean light, boolean in, boolean out) {&#13;&#10;&#13;&#10;&#9;&#9;this.bottomIn = in;&#13;&#10;&#9;&#9;this.bottomOut = out;&#13;&#10;&#13;&#10;&#9;&#9;if ((bottomIn || bottomOut) &amp;&amp; !light) {&#13;&#10;&#9;&#9;&#9;lightOn = true;&#13;&#10;&#9;&#9;&#9;return true; // Luce accesa&#13;&#10;&#9;&#9;} else {&#13;&#10;&#9;&#9;&#9;lightOn = false;&#13;&#10;&#9;&#9;&#9;return false; // Luce spenta&#13;&#10;&#9;&#9;}&#13;&#10;&#9;}&#13;&#10;}" Filename="Light.java" Intrnl_Id="1"/>
</SrcFileList>
<CritList>
<CritListEntry Name="org.codecover.model.utils.criteria.ConditionCoverage" PluginName="org.codecover"/>
<CritListEntry Name="org.codecover.model.utils.criteria.BranchCoverage" PluginName="org.codecover"/>
<CritListEntry Name="org.codecover.model.utils.criteria.StatementCoverage" PluginName="org.codecover"/>
</CritList>
<BoolOpList>
<BoolOp Arity="2" Intrnl_Id="2" Name="conditional and (&amp;&amp;)">
<BoolAssgnmntBoolMapList>
<MapEntry BoolAssgnmnt="02" Value="false"/>
<MapEntry BoolAssgnmnt="10" Value="false"/>
<MapEntry BoolAssgnmnt="11" Value="true"/>
</BoolAssgnmntBoolMapList>
</BoolOp>
<BoolOp Arity="2" Intrnl_Id="3" Name="conditional or (||)">
<BoolAssgnmntBoolMapList>
<MapEntry BoolAssgnmnt="00" Value="false"/>
<MapEntry BoolAssgnmnt="01" Value="true"/>
<MapEntry BoolAssgnmnt="12" Value="true"/>
</BoolAssgnmntBoolMapList>
</BoolOp>
<BoolOp Arity="1" Intrnl_Id="4" Name="not (!)">
<BoolAssgnmntBoolMapList>
<MapEntry BoolAssgnmnt="1" Value="false"/>
<MapEntry BoolAssgnmnt="0" Value="true"/>
</BoolAssgnmntBoolMapList>
</BoolOp>
</BoolOpList>
<HierarchyLvlTypeList>
<HierarchyLvlType EnglishName="package" IntrnlName="package" Intrnl_Id="5"/>
<HierarchyLvlType EnglishName="method" IntrnlName="method" Intrnl_Id="6"/>
<HierarchyLvlType EnglishName="class" IntrnlName="class" Intrnl_Id="7"/>
<HierarchyLvlType EnglishName="default package" IntrnlName="default package" Intrnl_Id="8"/>
</HierarchyLvlTypeList>
<MASTRoot>
<HierarchyLvl HierarchyLvlId="14" HierarchyLvlTypeId="8" Intrnl_Id="9" Name="default package">
<Header/>
<LocList/>
<HierarchyLvl HierarchyLvlId="13" HierarchyLvlTypeId="5" Intrnl_Id="10" Name="esercizio1">
<Header/>
<LocList/>
<HierarchyLvl HierarchyLvlId="12" HierarchyLvlTypeId="7" Intrnl_Id="11" Name="Light">
<Header>
<Loc EndOffset="41" SrcFileId="1" StartOffset="23"/>
</Header>
<LocList>
<Loc EndOffset="464" SrcFileId="1" StartOffset="23"/>
</LocList>
<StmntSeq Intrnl_Id="12">
<LocList>
<Loc EndOffset="80" SrcFileId="1" StartOffset="48"/>
<Loc EndOffset="116" SrcFileId="1" StartOffset="83"/>
<Loc EndOffset="153" SrcFileId="1" StartOffset="119"/>
</LocList>
<BasicStmnt CovItemId="S1" CovItemPrefix="esercizio1.Light.java" Intrnl_Id="13">
<LocList>
<Loc EndOffset="80" SrcFileId="1" StartOffset="48"/>
</LocList>
</BasicStmnt>
<BasicStmnt CovItemId="S2" CovItemPrefix="esercizio1.Light.java" Intrnl_Id="14">
<LocList>
<Loc EndOffset="116" SrcFileId="1" StartOffset="83"/>
</LocList>
</BasicStmnt>
<BasicStmnt CovItemId="S3" CovItemPrefix="esercizio1.Light.java" Intrnl_Id="15">
<LocList>
<Loc EndOffset="153" SrcFileId="1" StartOffset="119"/>
</LocList>
</BasicStmnt>
</StmntSeq>
<HierarchyLvl HierarchyLvlId="10" HierarchyLvlTypeId="6" Intrnl_Id="16" Name="Light">
<Header>
<Loc EndOffset="165" SrcFileId="1" StartOffset="158"/>
</Header>
<LocList>
<Loc EndOffset="171" SrcFileId="1" StartOffset="158"/>
</LocList>
</HierarchyLvl>
<HierarchyLvl HierarchyLvlId="11" HierarchyLvlTypeId="6" Intrnl_Id="17" Name="onOff">
<Header>
<Loc EndOffset="236" SrcFileId="1" StartOffset="176"/>
</Header>
<LocList>
<Loc EndOffset="461" SrcFileId="1" StartOffset="176"/>
</LocList>
<StmntSeq Intrnl_Id="18">
<LocList>
<Loc EndOffset="263" SrcFileId="1" StartOffset="244"/>
<Loc EndOffset="288" SrcFileId="1" StartOffset="267"/>
<Loc EndOffset="457" SrcFileId="1" StartOffset="294"/>
</LocList>
<BasicStmnt CovItemId="S4" CovItemPrefix="esercizio1.Light.java" Intrnl_Id="19">
<LocList>
<Loc EndOffset="263" SrcFileId="1" StartOffset="244"/>
</LocList>
</BasicStmnt>
<BasicStmnt CovItemId="S5" CovItemPrefix="esercizio1.Light.java" Intrnl_Id="20">
<LocList>
<Loc EndOffset="288" SrcFileId="1" StartOffset="267"/>
</LocList>
</BasicStmnt>
<CondStmnt CovItemId="S6" CovItemPrefix="esercizio1.Light.java" Intrnl_Id="21">
<Branch CovItemId="B1" CovItemPrefix="esercizio1.Light.java" Implct="false" Intrnl_Id="22">
<Cond/>
<LocList>
<Loc EndOffset="391" SrcFileId="1" StartOffset="333"/>
</LocList>
<StmntSeq Intrnl_Id="23">
<LocList>
<Loc EndOffset="354" SrcFileId="1" StartOffset="339"/>
<Loc EndOffset="371" SrcFileId="1" StartOffset="359"/>
</LocList>
<BasicStmnt CovItemId="S7" CovItemPrefix="esercizio1.Light.java" Intrnl_Id="24">
<LocList>
<Loc EndOffset="354" SrcFileId="1" StartOffset="339"/>
</LocList>
</BasicStmnt>
<BasicStmnt CovItemId="S8" CovItemPrefix="esercizio1.Light.java" Intrnl_Id="25">
<LocList>
<Loc EndOffset="371" SrcFileId="1" StartOffset="359"/>
</LocList>
</BasicStmnt>
</StmntSeq>
</Branch>
<Branch CovItemId="B2" CovItemPrefix="esercizio1.Light.java" Implct="false" Intrnl_Id="26">
<Cond>
<Loc EndOffset="396" SrcFileId="1" StartOffset="392"/>
</Cond>
<LocList>
<Loc EndOffset="457" SrcFileId="1" StartOffset="397"/>
</LocList>
<StmntSeq Intrnl_Id="27">
<LocList>
<Loc EndOffset="419" SrcFileId="1" StartOffset="403"/>
<Loc EndOffset="437" SrcFileId="1" StartOffset="424"/>
</LocList>
<BasicStmnt CovItemId="S9" CovItemPrefix="esercizio1.Light.java" Intrnl_Id="28">
<LocList>
<Loc EndOffset="419" SrcFileId="1" StartOffset="403"/>
</LocList>
</BasicStmnt>
<BasicStmnt CovItemId="S10" CovItemPrefix="esercizio1.Light.java" Intrnl_Id="29">
<LocList>
<Loc EndOffset="437" SrcFileId="1" StartOffset="424"/>
</LocList>
</BasicStmnt>
</StmntSeq>
</Branch>
<Keyword EndOffset="296" SrcFileId="1" StartOffset="294"/>
<LocList>
<Loc EndOffset="457" SrcFileId="1" StartOffset="294"/>
</LocList>
<RootTerm CovItemId="C1" CovItemPrefix="esercizio1.Light.java" Intrnl_Id="30">
<OpTerm BooleanOpId="2" Intrnl_Id="31">
<OpTerm BooleanOpId="3" Intrnl_Id="32">
<BasicBoolTerm Intrnl_Id="33">
<LocList>
<Loc EndOffset="307" SrcFileId="1" StartOffset="299"/>
</LocList>
</BasicBoolTerm>
<BasicBoolTerm Intrnl_Id="34">
<LocList>
<Loc EndOffset="320" SrcFileId="1" StartOffset="311"/>
</LocList>
</BasicBoolTerm>
<LocList>
<Loc EndOffset="310" SrcFileId="1" StartOffset="308"/>
</LocList>
</OpTerm>
<OpTerm BooleanOpId="4" Intrnl_Id="35">
<BasicBoolTerm Intrnl_Id="36">
<LocList>
<Loc EndOffset="331" SrcFileId="1" StartOffset="326"/>
</LocList>
</BasicBoolTerm>
<LocList>
<Loc EndOffset="326" SrcFileId="1" StartOffset="325"/>
</LocList>
</OpTerm>
<LocList>
<Loc EndOffset="324" SrcFileId="1" StartOffset="322"/>
</LocList>
</OpTerm>
</RootTerm>
</CondStmnt>
</StmntSeq>
</HierarchyLvl>
</HierarchyLvl>
</HierarchyLvl>
</HierarchyLvl>
</MASTRoot>
<TestSession Comment="" Date="1585149036753" Name="Mar 25, 2020 4:10:36 PM">
<TestCase Comment="" Date="1585149036482" Name="esercizio1.LightTest:testLight">
<CovList>
<CovPrefix CovItemPrefix="esercizio1.Light.java">
<Cov CovItemId="S1" Value="1"/>
<Cov CovItemId="S2" Value="1"/>
<Cov CovItemId="S3" Value="1"/>
</CovPrefix>
</CovList>
<AssgnmntList/>
<ObjMetaDataList/>
<MetaDataList/>
</TestCase>
<TestCase Comment="" Date="1585149036488" Name="esercizio1.LightTest:testBranchCoverageLight">
<CovList>
<CovPrefix CovItemPrefix="esercizio1.Light.java">
<Cov CovItemId="B1" Value="1"/>
<Cov CovItemId="B2" Value="1"/>
<Cov CovItemId="S1" Value="1"/>
<Cov CovItemId="S10" Value="1"/>
<Cov CovItemId="S2" Value="1"/>
<Cov CovItemId="S3" Value="1"/>
<Cov CovItemId="S4" Value="2"/>
<Cov CovItemId="S5" Value="2"/>
<Cov CovItemId="S6" Value="2"/>
<Cov CovItemId="S7" Value="1"/>
<Cov CovItemId="S8" Value="1"/>
<Cov CovItemId="S9" Value="1"/>
</CovPrefix>
</CovList>
<AssgnmntList>
<AssgnmntPrefix RootTermCovItemPrefix="esercizio1.Light.java">
<AssgnmntListEntry Length="3" RootTermCovItemId="C1">
<MapEntry BoolAssgnmnt="002" Value="1"/>
<MapEntry BoolAssgnmnt="010" Value="1"/>
</AssgnmntListEntry>
</AssgnmntPrefix>
</AssgnmntList>
<ObjMetaDataList/>
<MetaDataList/>
</TestCase>
<TestCase Comment="" Date="1585149036490" Name="esercizio1.LightTest:testMCDCLightComplete">
<CovList>
<CovPrefix CovItemPrefix="esercizio1.Light.java">
<Cov CovItemId="B1" Value="3"/>
<Cov CovItemId="B2" Value="3"/>
<Cov CovItemId="S1" Value="1"/>
<Cov CovItemId="S10" Value="3"/>
<Cov CovItemId="S2" Value="1"/>
<Cov CovItemId="S3" Value="1"/>
<Cov CovItemId="S4" Value="6"/>
<Cov CovItemId="S5" Value="6"/>
<Cov CovItemId="S6" Value="6"/>
<Cov CovItemId="S7" Value="3"/>
<Cov CovItemId="S8" Value="3"/>
<Cov CovItemId="S9" Value="3"/>
</CovPrefix>
</CovList>
<AssgnmntList>
<AssgnmntPrefix RootTermCovItemPrefix="esercizio1.Light.java">
<AssgnmntListEntry Length="3" RootTermCovItemId="C1">
<MapEntry BoolAssgnmnt="120" Value="2"/>
<MapEntry BoolAssgnmnt="121" Value="1"/>
<MapEntry BoolAssgnmnt="002" Value="2"/>
<MapEntry BoolAssgnmnt="010" Value="1"/>
</AssgnmntListEntry>
</AssgnmntPrefix>
</AssgnmntList>
<ObjMetaDataList/>
<MetaDataList/>
</TestCase>
<TestCase Comment="" Date="1585149036491" Name="esercizio1.LightTest:testStatementCoverageLight">
<CovList>
<CovPrefix CovItemPrefix="esercizio1.Light.java">
<Cov CovItemId="B1" Value="1"/>
<Cov CovItemId="B2" Value="1"/>
<Cov CovItemId="S1" Value="2"/>
<Cov CovItemId="S10" Value="1"/>
<Cov CovItemId="S2" Value="2"/>
<Cov CovItemId="S3" Value="2"/>
<Cov CovItemId="S4" Value="2"/>
<Cov CovItemId="S5" Value="2"/>
<Cov CovItemId="S6" Value="2"/>
<Cov CovItemId="S7" Value="1"/>
<Cov CovItemId="S8" Value="1"/>
<Cov CovItemId="S9" Value="1"/>
</CovPrefix>
</CovList>
<AssgnmntList>
<AssgnmntPrefix RootTermCovItemPrefix="esercizio1.Light.java">
<AssgnmntListEntry Length="3" RootTermCovItemId="C1">
<MapEntry BoolAssgnmnt="002" Value="1"/>
<MapEntry BoolAssgnmnt="010" Value="1"/>
</AssgnmntListEntry>
</AssgnmntPrefix>
</AssgnmntList>
<ObjMetaDataList/>
<MetaDataList/>
</TestCase>
<TestCase Comment="" Date="1585149036492" Name="esercizio1.LightTest:testConditionCoverageLight">
<CovList>
<CovPrefix CovItemPrefix="esercizio1.Light.java">
<Cov CovItemId="B1" Value="2"/>
<Cov CovItemId="B2" Value="2"/>
<Cov CovItemId="S1" Value="1"/>
<Cov CovItemId="S10" Value="2"/>
<Cov CovItemId="S2" Value="1"/>
<Cov CovItemId="S3" Value="1"/>
<Cov CovItemId="S4" Value="4"/>
<Cov CovItemId="S5" Value="4"/>
<Cov CovItemId="S6" Value="4"/>
<Cov CovItemId="S7" Value="2"/>
<Cov CovItemId="S8" Value="2"/>
<Cov CovItemId="S9" Value="2"/>
</CovPrefix>
</CovList>
<AssgnmntList>
<AssgnmntPrefix RootTermCovItemPrefix="esercizio1.Light.java">
<AssgnmntListEntry Length="3" RootTermCovItemId="C1">
<MapEntry BoolAssgnmnt="120" Value="1"/>
<MapEntry BoolAssgnmnt="002" Value="1"/>
<MapEntry BoolAssgnmnt="010" Value="1"/>
<MapEntry BoolAssgnmnt="011" Value="1"/>
</AssgnmntListEntry>
</AssgnmntPrefix>
</AssgnmntList>
<ObjMetaDataList/>
<MetaDataList/>
</TestCase>
<MetaDataList/>
</TestSession>
</TestSessionContainer>
