<?xml version="1.0" encoding="UTF-8"?><TestSessionContainer xmlns="http://www.codecover.org/xml/testsession-container" Date="1585490704318" TestSessionContainerId="96f91562-5e83-4e20-af35-5f968bc4f409" version="1.0">
<SrcFileList>
<SrcFile Content="package esercizio0;&#13;&#10;&#13;&#10;public class Rettangolo {&#13;&#10;&#9;private int base;&#13;&#10;&#9;private int altezza;&#13;&#10;&#13;&#10;&#9;public Rettangolo(int b, int a) {&#13;&#10;&#9;&#9;base = b;&#13;&#10;&#9;&#9;altezza = a;&#13;&#10;&#9;}&#13;&#10;&#13;&#10;&#9;public int getBase() {&#13;&#10;&#9;&#9;return base;&#13;&#10;&#9;}&#13;&#10;&#13;&#10;&#9;public int getAltezza() {&#13;&#10;&#9;&#9;return altezza;&#13;&#10;&#9;}&#13;&#10;}" Filename="Rettangolo.java" Intrnl_Id="1"/>
<SrcFile Content="package esercizio1;&#13;&#10;&#13;&#10;public class Light {&#13;&#10;&#13;&#10;&#9;private boolean lightOn = false;&#13;&#10;&#9;private boolean bottomIn = false;&#13;&#10;&#9;private boolean bottomOut = false;&#13;&#10;&#13;&#10;&#9;Light() {&#13;&#10;&#9;}&#13;&#10;&#13;&#10;&#9;public boolean onOff(boolean light, boolean in, boolean out) {&#13;&#10;&#13;&#10;&#9;&#9;this.bottomIn = in;&#13;&#10;&#9;&#9;this.bottomOut = out;&#13;&#10;&#13;&#10;&#9;&#9;if ((bottomIn || bottomOut) &amp;&amp; !light) {&#13;&#10;&#9;&#9;&#9;lightOn = true;&#13;&#10;&#9;&#9;&#9;return true; // Luce accesa&#13;&#10;&#9;&#9;} else {&#13;&#10;&#9;&#9;&#9;lightOn = false;&#13;&#10;&#9;&#9;&#9;return false; // Luce spenta&#13;&#10;&#9;&#9;}&#13;&#10;&#9;}&#13;&#10;}" Filename="Light.java" Intrnl_Id="2"/>
<SrcFile Content="package esercizio4;&#13;&#10;&#13;&#10;public class Magazzino {&#13;&#10;&#13;&#10;&#9;private int[] product = new int[5]; // Rappresenta i 5 prodotti, da 0 a 4&#13;&#10;&#13;&#10;&#9;public Magazzino() {&#13;&#10;&#9;&#9;for (int i = 0; i &lt; 1; i++) {&#13;&#10;&#9;&#9;&#9;product[i] = 0;&#13;&#10;&#9;&#9;}&#13;&#10;&#9;}&#13;&#10;&#13;&#10;&#9;/**&#13;&#10;&#9; * @param productIndex l'indice del prodotto al quale aggiungere addQuantity&#13;&#10;&#9; * @param addQuantity  la quantità da aggiungere al prodotto productIndex&#13;&#10;&#9; * @return true se l'inserimento è avvenuto, false altrimenti&#13;&#10;&#9; */&#13;&#10;&#9;public boolean insert(int productIndex, int addQuantity) {&#13;&#10;&#9;&#9;if ((productIndex &lt; 0 || productIndex &gt; 4) || (addQuantity &lt; 0 || addQuantity &gt; 10)&#13;&#10;&#9;&#9;&#9;&#9;|| (product[productIndex] + addQuantity) &gt; 100) {&#13;&#10;&#9;&#9;&#9;return false;&#13;&#10;&#9;&#9;} else {&#13;&#10;&#9;&#9;&#9;product[productIndex] += addQuantity;&#13;&#10;&#9;&#9;&#9;return true;&#13;&#10;&#9;&#9;}&#13;&#10;&#9;}&#13;&#10;&#13;&#10;&#9;/**&#13;&#10;&#9; * @param productIndex l'indice del prodotto che voglio controllare&#13;&#10;&#9; * @return false se l'indice non è corretto o il magazzino non è pieno, true&#13;&#10;&#9; *         altrimenti&#13;&#10;&#9; */&#13;&#10;&#9;public boolean isFull(int productIndex) {&#13;&#10;&#9;&#9;if (productIndex &lt; 0 || productIndex &gt; 4)&#13;&#10;&#9;&#9;&#9;return false;&#13;&#10;&#9;&#9;else&#13;&#10;&#9;&#9;&#9;return product[productIndex] == 100 ? true : false;&#13;&#10;&#9;}&#13;&#10;&#13;&#10;&#9;/**&#13;&#10;&#9; * @return true se il magazzino è pieno, false altrimenti&#13;&#10;&#9; */&#13;&#10;&#9;public boolean isFull() {&#13;&#10;&#9;&#9;int total = 0;&#13;&#10;&#9;&#9;for (int i = 0; i &lt; 5; i++)&#13;&#10;&#9;&#9;&#9;total += product[i];&#13;&#10;&#9;&#9;return total == 500 ? true : false;&#13;&#10;&#9;}&#13;&#10;}&#13;&#10;" Filename="Magazzino.java" Intrnl_Id="3"/>
</SrcFileList>
<CritList>
<CritListEntry Name="org.codecover.model.utils.criteria.ConditionCoverage" PluginName="org.codecover"/>
<CritListEntry Name="org.codecover.model.utils.criteria.BranchCoverage" PluginName="org.codecover"/>
<CritListEntry Name="org.codecover.model.utils.criteria.StatementCoverage" PluginName="org.codecover"/>
</CritList>
<BoolOpList>
<BoolOp Arity="2" Intrnl_Id="4" Name="conditional and (&amp;&amp;)">
<BoolAssgnmntBoolMapList>
<MapEntry BoolAssgnmnt="02" Value="false"/>
<MapEntry BoolAssgnmnt="10" Value="false"/>
<MapEntry BoolAssgnmnt="11" Value="true"/>
</BoolAssgnmntBoolMapList>
</BoolOp>
<BoolOp Arity="2" Intrnl_Id="5" Name="conditional or (||)">
<BoolAssgnmntBoolMapList>
<MapEntry BoolAssgnmnt="00" Value="false"/>
<MapEntry BoolAssgnmnt="01" Value="true"/>
<MapEntry BoolAssgnmnt="12" Value="true"/>
</BoolAssgnmntBoolMapList>
</BoolOp>
<BoolOp Arity="1" Intrnl_Id="6" Name="not (!)">
<BoolAssgnmntBoolMapList>
<MapEntry BoolAssgnmnt="1" Value="false"/>
<MapEntry BoolAssgnmnt="0" Value="true"/>
</BoolAssgnmntBoolMapList>
</BoolOp>
</BoolOpList>
<HierarchyLvlTypeList>
<HierarchyLvlType EnglishName="package" IntrnlName="package" Intrnl_Id="7"/>
<HierarchyLvlType EnglishName="method" IntrnlName="method" Intrnl_Id="8"/>
<HierarchyLvlType EnglishName="class" IntrnlName="class" Intrnl_Id="9"/>
<HierarchyLvlType EnglishName="default package" IntrnlName="default package" Intrnl_Id="10"/>
</HierarchyLvlTypeList>
<MASTRoot>
<HierarchyLvl HierarchyLvlId="246" HierarchyLvlTypeId="10" Intrnl_Id="11" Name="default package">
<Header/>
<LocList/>
<HierarchyLvl HierarchyLvlId="243" HierarchyLvlTypeId="7" Intrnl_Id="12" Name="esercizio0">
<Header/>
<LocList/>
<HierarchyLvl HierarchyLvlId="234" HierarchyLvlTypeId="9" Intrnl_Id="13" Name="Rettangolo">
<Header>
<Loc EndOffset="46" SrcFileId="1" StartOffset="23"/>
</Header>
<LocList>
<Loc EndOffset="265" SrcFileId="1" StartOffset="23"/>
</LocList>
<HierarchyLvl HierarchyLvlId="231" HierarchyLvlTypeId="8" Intrnl_Id="14" Name="Rettangolo">
<Header>
<Loc EndOffset="127" SrcFileId="1" StartOffset="96"/>
</Header>
<LocList>
<Loc EndOffset="162" SrcFileId="1" StartOffset="96"/>
</LocList>
<StmntSeq Intrnl_Id="15">
<LocList>
<Loc EndOffset="142" SrcFileId="1" StartOffset="133"/>
<Loc EndOffset="158" SrcFileId="1" StartOffset="146"/>
</LocList>
<BasicStmnt CovItemId="S1" CovItemPrefix="esercizio0.Rettangolo.java" Intrnl_Id="16">
<LocList>
<Loc EndOffset="142" SrcFileId="1" StartOffset="133"/>
</LocList>
</BasicStmnt>
<BasicStmnt CovItemId="S2" CovItemPrefix="esercizio0.Rettangolo.java" Intrnl_Id="17">
<LocList>
<Loc EndOffset="158" SrcFileId="1" StartOffset="146"/>
</LocList>
</BasicStmnt>
</StmntSeq>
</HierarchyLvl>
<HierarchyLvl HierarchyLvlId="232" HierarchyLvlTypeId="8" Intrnl_Id="18" Name="getBase">
<Header>
<Loc EndOffset="187" SrcFileId="1" StartOffset="167"/>
</Header>
<LocList>
<Loc EndOffset="209" SrcFileId="1" StartOffset="167"/>
</LocList>
<StmntSeq Intrnl_Id="19">
<LocList>
<Loc EndOffset="205" SrcFileId="1" StartOffset="193"/>
</LocList>
<BasicStmnt CovItemId="S3" CovItemPrefix="esercizio0.Rettangolo.java" Intrnl_Id="20">
<LocList>
<Loc EndOffset="205" SrcFileId="1" StartOffset="193"/>
</LocList>
</BasicStmnt>
</StmntSeq>
</HierarchyLvl>
<HierarchyLvl HierarchyLvlId="233" HierarchyLvlTypeId="8" Intrnl_Id="21" Name="getAltezza">
<Header>
<Loc EndOffset="237" SrcFileId="1" StartOffset="214"/>
</Header>
<LocList>
<Loc EndOffset="262" SrcFileId="1" StartOffset="214"/>
</LocList>
<StmntSeq Intrnl_Id="22">
<LocList>
<Loc EndOffset="258" SrcFileId="1" StartOffset="243"/>
</LocList>
<BasicStmnt CovItemId="S4" CovItemPrefix="esercizio0.Rettangolo.java" Intrnl_Id="23">
<LocList>
<Loc EndOffset="258" SrcFileId="1" StartOffset="243"/>
</LocList>
</BasicStmnt>
</StmntSeq>
</HierarchyLvl>
</HierarchyLvl>
</HierarchyLvl>
<HierarchyLvl HierarchyLvlId="244" HierarchyLvlTypeId="7" Intrnl_Id="24" Name="esercizio1">
<Header/>
<LocList/>
<HierarchyLvl HierarchyLvlId="237" HierarchyLvlTypeId="9" Intrnl_Id="25" Name="Light">
<Header>
<Loc EndOffset="41" SrcFileId="2" StartOffset="23"/>
</Header>
<LocList>
<Loc EndOffset="464" SrcFileId="2" StartOffset="23"/>
</LocList>
<StmntSeq Intrnl_Id="26">
<LocList>
<Loc EndOffset="80" SrcFileId="2" StartOffset="48"/>
<Loc EndOffset="116" SrcFileId="2" StartOffset="83"/>
<Loc EndOffset="153" SrcFileId="2" StartOffset="119"/>
</LocList>
<BasicStmnt CovItemId="S1" CovItemPrefix="esercizio1.Light.java" Intrnl_Id="27">
<LocList>
<Loc EndOffset="80" SrcFileId="2" StartOffset="48"/>
</LocList>
</BasicStmnt>
<BasicStmnt CovItemId="S2" CovItemPrefix="esercizio1.Light.java" Intrnl_Id="28">
<LocList>
<Loc EndOffset="116" SrcFileId="2" StartOffset="83"/>
</LocList>
</BasicStmnt>
<BasicStmnt CovItemId="S3" CovItemPrefix="esercizio1.Light.java" Intrnl_Id="29">
<LocList>
<Loc EndOffset="153" SrcFileId="2" StartOffset="119"/>
</LocList>
</BasicStmnt>
</StmntSeq>
<HierarchyLvl HierarchyLvlId="235" HierarchyLvlTypeId="8" Intrnl_Id="30" Name="Light">
<Header>
<Loc EndOffset="165" SrcFileId="2" StartOffset="158"/>
</Header>
<LocList>
<Loc EndOffset="171" SrcFileId="2" StartOffset="158"/>
</LocList>
</HierarchyLvl>
<HierarchyLvl HierarchyLvlId="236" HierarchyLvlTypeId="8" Intrnl_Id="31" Name="onOff">
<Header>
<Loc EndOffset="236" SrcFileId="2" StartOffset="176"/>
</Header>
<LocList>
<Loc EndOffset="461" SrcFileId="2" StartOffset="176"/>
</LocList>
<StmntSeq Intrnl_Id="32">
<LocList>
<Loc EndOffset="263" SrcFileId="2" StartOffset="244"/>
<Loc EndOffset="288" SrcFileId="2" StartOffset="267"/>
<Loc EndOffset="457" SrcFileId="2" StartOffset="294"/>
</LocList>
<BasicStmnt CovItemId="S4" CovItemPrefix="esercizio1.Light.java" Intrnl_Id="33">
<LocList>
<Loc EndOffset="263" SrcFileId="2" StartOffset="244"/>
</LocList>
</BasicStmnt>
<BasicStmnt CovItemId="S5" CovItemPrefix="esercizio1.Light.java" Intrnl_Id="34">
<LocList>
<Loc EndOffset="288" SrcFileId="2" StartOffset="267"/>
</LocList>
</BasicStmnt>
<CondStmnt CovItemId="S6" CovItemPrefix="esercizio1.Light.java" Intrnl_Id="35">
<Branch CovItemId="B1" CovItemPrefix="esercizio1.Light.java" Implct="false" Intrnl_Id="36">
<Cond/>
<LocList>
<Loc EndOffset="391" SrcFileId="2" StartOffset="333"/>
</LocList>
<StmntSeq Intrnl_Id="37">
<LocList>
<Loc EndOffset="354" SrcFileId="2" StartOffset="339"/>
<Loc EndOffset="371" SrcFileId="2" StartOffset="359"/>
</LocList>
<BasicStmnt CovItemId="S7" CovItemPrefix="esercizio1.Light.java" Intrnl_Id="38">
<LocList>
<Loc EndOffset="354" SrcFileId="2" StartOffset="339"/>
</LocList>
</BasicStmnt>
<BasicStmnt CovItemId="S8" CovItemPrefix="esercizio1.Light.java" Intrnl_Id="39">
<LocList>
<Loc EndOffset="371" SrcFileId="2" StartOffset="359"/>
</LocList>
</BasicStmnt>
</StmntSeq>
</Branch>
<Branch CovItemId="B2" CovItemPrefix="esercizio1.Light.java" Implct="false" Intrnl_Id="40">
<Cond>
<Loc EndOffset="396" SrcFileId="2" StartOffset="392"/>
</Cond>
<LocList>
<Loc EndOffset="457" SrcFileId="2" StartOffset="397"/>
</LocList>
<StmntSeq Intrnl_Id="41">
<LocList>
<Loc EndOffset="419" SrcFileId="2" StartOffset="403"/>
<Loc EndOffset="437" SrcFileId="2" StartOffset="424"/>
</LocList>
<BasicStmnt CovItemId="S9" CovItemPrefix="esercizio1.Light.java" Intrnl_Id="42">
<LocList>
<Loc EndOffset="419" SrcFileId="2" StartOffset="403"/>
</LocList>
</BasicStmnt>
<BasicStmnt CovItemId="S10" CovItemPrefix="esercizio1.Light.java" Intrnl_Id="43">
<LocList>
<Loc EndOffset="437" SrcFileId="2" StartOffset="424"/>
</LocList>
</BasicStmnt>
</StmntSeq>
</Branch>
<Keyword EndOffset="296" SrcFileId="2" StartOffset="294"/>
<LocList>
<Loc EndOffset="457" SrcFileId="2" StartOffset="294"/>
</LocList>
<RootTerm CovItemId="C1" CovItemPrefix="esercizio1.Light.java" Intrnl_Id="44">
<OpTerm BooleanOpId="4" Intrnl_Id="45">
<OpTerm BooleanOpId="5" Intrnl_Id="46">
<BasicBoolTerm Intrnl_Id="47">
<LocList>
<Loc EndOffset="307" SrcFileId="2" StartOffset="299"/>
</LocList>
</BasicBoolTerm>
<BasicBoolTerm Intrnl_Id="48">
<LocList>
<Loc EndOffset="320" SrcFileId="2" StartOffset="311"/>
</LocList>
</BasicBoolTerm>
<LocList>
<Loc EndOffset="310" SrcFileId="2" StartOffset="308"/>
</LocList>
</OpTerm>
<OpTerm BooleanOpId="6" Intrnl_Id="49">
<BasicBoolTerm Intrnl_Id="50">
<LocList>
<Loc EndOffset="331" SrcFileId="2" StartOffset="326"/>
</LocList>
</BasicBoolTerm>
<LocList>
<Loc EndOffset="326" SrcFileId="2" StartOffset="325"/>
</LocList>
</OpTerm>
<LocList>
<Loc EndOffset="324" SrcFileId="2" StartOffset="322"/>
</LocList>
</OpTerm>
</RootTerm>
</CondStmnt>
</StmntSeq>
</HierarchyLvl>
</HierarchyLvl>
</HierarchyLvl>
<HierarchyLvl HierarchyLvlId="245" HierarchyLvlTypeId="7" Intrnl_Id="51" Name="esercizio4">
<Header/>
<LocList/>
<HierarchyLvl HierarchyLvlId="242" HierarchyLvlTypeId="9" Intrnl_Id="52" Name="Magazzino">
<Header>
<Loc EndOffset="45" SrcFileId="3" StartOffset="23"/>
</Header>
<LocList>
<Loc EndOffset="1330" SrcFileId="3" StartOffset="23"/>
</LocList>
<StmntSeq Intrnl_Id="53">
<LocList>
<Loc EndOffset="87" SrcFileId="3" StartOffset="52"/>
</LocList>
<BasicStmnt CovItemId="S1" CovItemPrefix="esercizio4.Magazzino.java" Intrnl_Id="54">
<LocList>
<Loc EndOffset="87" SrcFileId="3" StartOffset="52"/>
</LocList>
</BasicStmnt>
</StmntSeq>
<HierarchyLvl HierarchyLvlId="238" HierarchyLvlTypeId="8" Intrnl_Id="55" Name="Magazzino">
<Header>
<Loc EndOffset="148" SrcFileId="3" StartOffset="130"/>
</Header>
<LocList>
<Loc EndOffset="212" SrcFileId="3" StartOffset="130"/>
</LocList>
<StmntSeq Intrnl_Id="56">
<LocList>
<Loc EndOffset="208" SrcFileId="3" StartOffset="154"/>
</LocList>
<LoopStmnt CovItemId="S2" CovItemPrefix="esercizio4.Magazzino.java" Intrnl_Id="57" MltplExecId="L1-2" MltplExecPrefix="esercizio4.Magazzino.java" NvrExecId="L1-0" NvrExecPrefix="esercizio4.Magazzino.java" OnceExecutedId="L1-1" OnceExecutedPrefix="esercizio4.Magazzino.java" OptBodyExec="true">
<StmntSeq Intrnl_Id="58">
<LocList>
<Loc EndOffset="203" SrcFileId="3" StartOffset="188"/>
</LocList>
<BasicStmnt CovItemId="S3" CovItemPrefix="esercizio4.Magazzino.java" Intrnl_Id="59">
<LocList>
<Loc EndOffset="203" SrcFileId="3" StartOffset="188"/>
</LocList>
</BasicStmnt>
</StmntSeq>
<Keyword EndOffset="157" SrcFileId="3" StartOffset="154"/>
<LocList>
<Loc EndOffset="208" SrcFileId="3" StartOffset="154"/>
</LocList>
<RootTerm CovItemId="C1" CovItemPrefix="esercizio4.Magazzino.java" Intrnl_Id="60">
<BasicBoolTerm Intrnl_Id="61">
<LocList>
<Loc EndOffset="175" SrcFileId="3" StartOffset="170"/>
</LocList>
</BasicBoolTerm>
</RootTerm>
</LoopStmnt>
</StmntSeq>
</HierarchyLvl>
<HierarchyLvl HierarchyLvlId="239" HierarchyLvlTypeId="8" Intrnl_Id="62" Name="insert">
<Header>
<Loc EndOffset="504" SrcFileId="3" StartOffset="448"/>
</Header>
<LocList>
<Loc EndOffset="746" SrcFileId="3" StartOffset="448"/>
</LocList>
<StmntSeq Intrnl_Id="63">
<LocList>
<Loc EndOffset="742" SrcFileId="3" StartOffset="510"/>
</LocList>
<CondStmnt CovItemId="S4" CovItemPrefix="esercizio4.Magazzino.java" Intrnl_Id="64">
<Branch CovItemId="B1" CovItemPrefix="esercizio4.Magazzino.java" Implct="false" Intrnl_Id="65">
<Cond/>
<LocList>
<Loc EndOffset="671" SrcFileId="3" StartOffset="647"/>
</LocList>
<StmntSeq Intrnl_Id="66">
<LocList>
<Loc EndOffset="666" SrcFileId="3" StartOffset="653"/>
</LocList>
<BasicStmnt CovItemId="S5" CovItemPrefix="esercizio4.Magazzino.java" Intrnl_Id="67">
<LocList>
<Loc EndOffset="666" SrcFileId="3" StartOffset="653"/>
</LocList>
</BasicStmnt>
</StmntSeq>
</Branch>
<Branch CovItemId="B2" CovItemPrefix="esercizio4.Magazzino.java" Implct="false" Intrnl_Id="68">
<Cond>
<Loc EndOffset="676" SrcFileId="3" StartOffset="672"/>
</Cond>
<LocList>
<Loc EndOffset="742" SrcFileId="3" StartOffset="677"/>
</LocList>
<StmntSeq Intrnl_Id="69">
<LocList>
<Loc EndOffset="720" SrcFileId="3" StartOffset="683"/>
<Loc EndOffset="737" SrcFileId="3" StartOffset="725"/>
</LocList>
<BasicStmnt CovItemId="S6" CovItemPrefix="esercizio4.Magazzino.java" Intrnl_Id="70">
<LocList>
<Loc EndOffset="720" SrcFileId="3" StartOffset="683"/>
</LocList>
</BasicStmnt>
<BasicStmnt CovItemId="S7" CovItemPrefix="esercizio4.Magazzino.java" Intrnl_Id="71">
<LocList>
<Loc EndOffset="737" SrcFileId="3" StartOffset="725"/>
</LocList>
</BasicStmnt>
</StmntSeq>
</Branch>
<Keyword EndOffset="512" SrcFileId="3" StartOffset="510"/>
<LocList>
<Loc EndOffset="742" SrcFileId="3" StartOffset="510"/>
</LocList>
<RootTerm CovItemId="C2" CovItemPrefix="esercizio4.Magazzino.java" Intrnl_Id="72">
<OpTerm BooleanOpId="5" Intrnl_Id="73">
<OpTerm BooleanOpId="5" Intrnl_Id="74">
<OpTerm BooleanOpId="5" Intrnl_Id="75">
<BasicBoolTerm Intrnl_Id="76">
<LocList>
<Loc EndOffset="531" SrcFileId="3" StartOffset="515"/>
</LocList>
</BasicBoolTerm>
<BasicBoolTerm Intrnl_Id="77">
<LocList>
<Loc EndOffset="551" SrcFileId="3" StartOffset="535"/>
</LocList>
</BasicBoolTerm>
<LocList>
<Loc EndOffset="534" SrcFileId="3" StartOffset="532"/>
</LocList>
</OpTerm>
<OpTerm BooleanOpId="5" Intrnl_Id="78">
<BasicBoolTerm Intrnl_Id="79">
<LocList>
<Loc EndOffset="572" SrcFileId="3" StartOffset="557"/>
</LocList>
</BasicBoolTerm>
<BasicBoolTerm Intrnl_Id="80">
<LocList>
<Loc EndOffset="592" SrcFileId="3" StartOffset="576"/>
</LocList>
</BasicBoolTerm>
<LocList>
<Loc EndOffset="575" SrcFileId="3" StartOffset="573"/>
</LocList>
</OpTerm>
<LocList>
<Loc EndOffset="555" SrcFileId="3" StartOffset="553"/>
</LocList>
</OpTerm>
<BasicBoolTerm Intrnl_Id="81">
<LocList>
<Loc EndOffset="645" SrcFileId="3" StartOffset="602"/>
</LocList>
</BasicBoolTerm>
<LocList>
<Loc EndOffset="601" SrcFileId="3" StartOffset="599"/>
</LocList>
</OpTerm>
</RootTerm>
</CondStmnt>
</StmntSeq>
</HierarchyLvl>
<HierarchyLvl HierarchyLvlId="240" HierarchyLvlTypeId="8" Intrnl_Id="82" Name="isFull">
<Header>
<Loc EndOffset="975" SrcFileId="3" StartOffset="936"/>
</Header>
<LocList>
<Loc EndOffset="1108" SrcFileId="3" StartOffset="936"/>
</LocList>
<StmntSeq Intrnl_Id="83">
<LocList>
<Loc EndOffset="1104" SrcFileId="3" StartOffset="981"/>
</LocList>
<CondStmnt CovItemId="S8" CovItemPrefix="esercizio4.Magazzino.java" Intrnl_Id="84">
<Branch CovItemId="B3" CovItemPrefix="esercizio4.Magazzino.java" Implct="false" Intrnl_Id="85">
<Cond/>
<LocList>
<Loc EndOffset="1040" SrcFileId="3" StartOffset="1027"/>
</LocList>
<StmntSeq Intrnl_Id="86">
<LocList>
<Loc EndOffset="1040" SrcFileId="3" StartOffset="1027"/>
</LocList>
<BasicStmnt CovItemId="S9" CovItemPrefix="esercizio4.Magazzino.java" Intrnl_Id="87">
<LocList>
<Loc EndOffset="1040" SrcFileId="3" StartOffset="1027"/>
</LocList>
</BasicStmnt>
</StmntSeq>
</Branch>
<Branch CovItemId="B4" CovItemPrefix="esercizio4.Magazzino.java" Implct="false" Intrnl_Id="88">
<Cond>
<Loc EndOffset="1048" SrcFileId="3" StartOffset="1044"/>
</Cond>
<LocList>
<Loc EndOffset="1104" SrcFileId="3" StartOffset="1053"/>
</LocList>
<StmntSeq Intrnl_Id="89">
<LocList>
<Loc EndOffset="1104" SrcFileId="3" StartOffset="1053"/>
</LocList>
<BasicStmnt CovItemId="S10" CovItemPrefix="esercizio4.Magazzino.java" Intrnl_Id="90">
<LocList>
<Loc EndOffset="1104" SrcFileId="3" StartOffset="1053"/>
</LocList>
<QMO CovItemId="Q0" CovItemPrefix="esercizio4.Magazzino.java" Intrnl_Id="91">
<LocList>
<Loc EndOffset="1088" SrcFileId="3" StartOffset="1060"/>
</LocList>
<QMO_E CovItemId="Q0-0" CovItemPrefix="esercizio4.Magazzino.java" Intrnl_Id="92">
<LocList>
<Loc EndOffset="1095" SrcFileId="3" StartOffset="1091"/>
</LocList>
</QMO_E>
<QMO_E CovItemId="Q0-1" CovItemPrefix="esercizio4.Magazzino.java" Intrnl_Id="93">
<LocList>
<Loc EndOffset="1103" SrcFileId="3" StartOffset="1098"/>
</LocList>
</QMO_E>
</QMO>
</BasicStmnt>
</StmntSeq>
</Branch>
<Keyword EndOffset="983" SrcFileId="3" StartOffset="981"/>
<LocList>
<Loc EndOffset="1104" SrcFileId="3" StartOffset="981"/>
</LocList>
<RootTerm CovItemId="C3" CovItemPrefix="esercizio4.Magazzino.java" Intrnl_Id="94">
<OpTerm BooleanOpId="5" Intrnl_Id="95">
<BasicBoolTerm Intrnl_Id="96">
<LocList>
<Loc EndOffset="1001" SrcFileId="3" StartOffset="985"/>
</LocList>
</BasicBoolTerm>
<BasicBoolTerm Intrnl_Id="97">
<LocList>
<Loc EndOffset="1021" SrcFileId="3" StartOffset="1005"/>
</LocList>
</BasicBoolTerm>
<LocList>
<Loc EndOffset="1004" SrcFileId="3" StartOffset="1002"/>
</LocList>
</OpTerm>
</RootTerm>
</CondStmnt>
</StmntSeq>
</HierarchyLvl>
<HierarchyLvl HierarchyLvlId="241" HierarchyLvlTypeId="8" Intrnl_Id="98" Name="isFull">
<Header>
<Loc EndOffset="1208" SrcFileId="3" StartOffset="1185"/>
</Header>
<LocList>
<Loc EndOffset="1327" SrcFileId="3" StartOffset="1185"/>
</LocList>
<StmntSeq Intrnl_Id="99">
<LocList>
<Loc EndOffset="1228" SrcFileId="3" StartOffset="1214"/>
<Loc EndOffset="1284" SrcFileId="3" StartOffset="1232"/>
<Loc EndOffset="1323" SrcFileId="3" StartOffset="1288"/>
</LocList>
<BasicStmnt CovItemId="S11" CovItemPrefix="esercizio4.Magazzino.java" Intrnl_Id="100">
<LocList>
<Loc EndOffset="1228" SrcFileId="3" StartOffset="1214"/>
</LocList>
</BasicStmnt>
<LoopStmnt CovItemId="S12" CovItemPrefix="esercizio4.Magazzino.java" Intrnl_Id="101" MltplExecId="L2-2" MltplExecPrefix="esercizio4.Magazzino.java" NvrExecId="L2-0" NvrExecPrefix="esercizio4.Magazzino.java" OnceExecutedId="L2-1" OnceExecutedPrefix="esercizio4.Magazzino.java" OptBodyExec="true">
<StmntSeq Intrnl_Id="102">
<LocList>
<Loc EndOffset="1284" SrcFileId="3" StartOffset="1264"/>
</LocList>
<BasicStmnt CovItemId="S13" CovItemPrefix="esercizio4.Magazzino.java" Intrnl_Id="103">
<LocList>
<Loc EndOffset="1284" SrcFileId="3" StartOffset="1264"/>
</LocList>
</BasicStmnt>
</StmntSeq>
<Keyword EndOffset="1235" SrcFileId="3" StartOffset="1232"/>
<LocList>
<Loc EndOffset="1284" SrcFileId="3" StartOffset="1232"/>
</LocList>
<RootTerm CovItemId="C4" CovItemPrefix="esercizio4.Magazzino.java" Intrnl_Id="104">
<BasicBoolTerm Intrnl_Id="105">
<LocList>
<Loc EndOffset="1253" SrcFileId="3" StartOffset="1248"/>
</LocList>
</BasicBoolTerm>
</RootTerm>
</LoopStmnt>
<BasicStmnt CovItemId="S14" CovItemPrefix="esercizio4.Magazzino.java" Intrnl_Id="106">
<LocList>
<Loc EndOffset="1323" SrcFileId="3" StartOffset="1288"/>
</LocList>
<QMO CovItemId="Q1" CovItemPrefix="esercizio4.Magazzino.java" Intrnl_Id="107">
<LocList>
<Loc EndOffset="1307" SrcFileId="3" StartOffset="1295"/>
</LocList>
<QMO_E CovItemId="Q1-0" CovItemPrefix="esercizio4.Magazzino.java" Intrnl_Id="108">
<LocList>
<Loc EndOffset="1314" SrcFileId="3" StartOffset="1310"/>
</LocList>
</QMO_E>
<QMO_E CovItemId="Q1-1" CovItemPrefix="esercizio4.Magazzino.java" Intrnl_Id="109">
<LocList>
<Loc EndOffset="1322" SrcFileId="3" StartOffset="1317"/>
</LocList>
</QMO_E>
</QMO>
</BasicStmnt>
</StmntSeq>
</HierarchyLvl>
</HierarchyLvl>
</HierarchyLvl>
</HierarchyLvl>
</MASTRoot>
<TestSession Comment="" Date="1585490709597" Name="Mar 29, 2020 4:05:09 PM">
<TestCase Comment="" Date="1585490709479" Name="esercizio4.MagazzinoBranchCoverage:testInsertBranch">
<CovList>
<CovPrefix CovItemPrefix="esercizio4.Magazzino.java">
<Cov CovItemId="B1" Value="1"/>
<Cov CovItemId="B2" Value="1"/>
<Cov CovItemId="S1" Value="1"/>
<Cov CovItemId="S2" Value="1"/>
<Cov CovItemId="S3" Value="1"/>
<Cov CovItemId="S4" Value="2"/>
<Cov CovItemId="S5" Value="1"/>
<Cov CovItemId="S6" Value="1"/>
<Cov CovItemId="S7" Value="1"/>
</CovPrefix>
</CovList>
<AssgnmntList>
<AssgnmntPrefix RootTermCovItemPrefix="esercizio4.Magazzino.java">
<AssgnmntListEntry Length="1" RootTermCovItemId="C1">
<MapEntry BoolAssgnmnt="0" Value="1"/>
<MapEntry BoolAssgnmnt="1" Value="1"/>
</AssgnmntListEntry>
<AssgnmntListEntry Length="5" RootTermCovItemId="C2">
<MapEntry BoolAssgnmnt="01222" Value="1"/>
<MapEntry BoolAssgnmnt="00000" Value="1"/>
</AssgnmntListEntry>
</AssgnmntPrefix>
</AssgnmntList>
<ObjMetaDataList/>
<MetaDataList/>
</TestCase>
<TestCase Comment="" Date="1585490709488" Name="esercizio4.MagazzinoBranchCoverage:testIsFullBranch">
<CovList>
<CovPrefix CovItemPrefix="esercizio4.Magazzino.java">
<Cov CovItemId="B1" Value="1"/>
<Cov CovItemId="B2" Value="50"/>
<Cov CovItemId="B3" Value="1"/>
<Cov CovItemId="B4" Value="2"/>
<Cov CovItemId="S1" Value="1"/>
<Cov CovItemId="S10" Value="2"/>
<Cov CovItemId="S11" Value="3"/>
<Cov CovItemId="S12" Value="3"/>
<Cov CovItemId="S13" Value="15"/>
<Cov CovItemId="S14" Value="3"/>
<Cov CovItemId="S2" Value="1"/>
<Cov CovItemId="S3" Value="1"/>
<Cov CovItemId="S4" Value="51"/>
<Cov CovItemId="S5" Value="1"/>
<Cov CovItemId="S6" Value="50"/>
<Cov CovItemId="S7" Value="50"/>
<Cov CovItemId="S8" Value="3"/>
<Cov CovItemId="S9" Value="1"/>
</CovPrefix>
</CovList>
<AssgnmntList>
<AssgnmntPrefix RootTermCovItemPrefix="esercizio4.Magazzino.java">
<AssgnmntListEntry Length="1" RootTermCovItemId="C1">
<MapEntry BoolAssgnmnt="0" Value="1"/>
<MapEntry BoolAssgnmnt="1" Value="1"/>
</AssgnmntListEntry>
<AssgnmntListEntry Length="5" RootTermCovItemId="C2">
<MapEntry BoolAssgnmnt="00001" Value="1"/>
<MapEntry BoolAssgnmnt="00000" Value="50"/>
</AssgnmntListEntry>
<AssgnmntListEntry Length="2" RootTermCovItemId="C3">
<MapEntry BoolAssgnmnt="00" Value="2"/>
<MapEntry BoolAssgnmnt="01" Value="1"/>
</AssgnmntListEntry>
<AssgnmntListEntry Length="1" RootTermCovItemId="C4">
<MapEntry BoolAssgnmnt="0" Value="3"/>
<MapEntry BoolAssgnmnt="1" Value="15"/>
</AssgnmntListEntry>
</AssgnmntPrefix>
</AssgnmntList>
<ObjMetaDataList/>
<MetaDataList/>
</TestCase>
<MetaDataList/>
</TestSession>
<TestSession Comment="" Date="1585490766187" Name="Mar 29, 2020 4:06:06 PM">
<TestCase Comment="" Date="1585490766143" Name="esercizio4.MagazzinoMCDC:testConditionalAndMCDCCoverageInsert">
<CovList>
<CovPrefix CovItemPrefix="esercizio4.Magazzino.java">
<Cov CovItemId="B1" Value="5"/>
<Cov CovItemId="B2" Value="11"/>
<Cov CovItemId="S1" Value="1"/>
<Cov CovItemId="S2" Value="1"/>
<Cov CovItemId="S3" Value="1"/>
<Cov CovItemId="S4" Value="16"/>
<Cov CovItemId="S5" Value="5"/>
<Cov CovItemId="S6" Value="11"/>
<Cov CovItemId="S7" Value="11"/>
</CovPrefix>
</CovList>
<AssgnmntList>
<AssgnmntPrefix RootTermCovItemPrefix="esercizio4.Magazzino.java">
<AssgnmntListEntry Length="1" RootTermCovItemId="C1">
<MapEntry BoolAssgnmnt="0" Value="1"/>
<MapEntry BoolAssgnmnt="1" Value="1"/>
</AssgnmntListEntry>
<AssgnmntListEntry Length="5" RootTermCovItemId="C2">
<MapEntry BoolAssgnmnt="12222" Value="1"/>
<MapEntry BoolAssgnmnt="00001" Value="1"/>
<MapEntry BoolAssgnmnt="00122" Value="1"/>
<MapEntry BoolAssgnmnt="01222" Value="1"/>
<MapEntry BoolAssgnmnt="00012" Value="1"/>
<MapEntry BoolAssgnmnt="00000" Value="11"/>
</AssgnmntListEntry>
</AssgnmntPrefix>
</AssgnmntList>
<ObjMetaDataList/>
<MetaDataList/>
</TestCase>
<TestCase Comment="" Date="1585490766157" Name="esercizio4.MagazzinoMCDC:testConditionalAndMCDCCoverageiFull">
<CovList>
<CovPrefix CovItemPrefix="esercizio4.Magazzino.java">
<Cov CovItemId="B2" Value="50"/>
<Cov CovItemId="B3" Value="2"/>
<Cov CovItemId="B4" Value="1"/>
<Cov CovItemId="S1" Value="2"/>
<Cov CovItemId="S10" Value="1"/>
<Cov CovItemId="S11" Value="2"/>
<Cov CovItemId="S12" Value="2"/>
<Cov CovItemId="S13" Value="10"/>
<Cov CovItemId="S14" Value="2"/>
<Cov CovItemId="S2" Value="2"/>
<Cov CovItemId="S3" Value="2"/>
<Cov CovItemId="S4" Value="50"/>
<Cov CovItemId="S6" Value="50"/>
<Cov CovItemId="S7" Value="50"/>
<Cov CovItemId="S8" Value="3"/>
<Cov CovItemId="S9" Value="2"/>
</CovPrefix>
</CovList>
<AssgnmntList>
<AssgnmntPrefix RootTermCovItemPrefix="esercizio4.Magazzino.java">
<AssgnmntListEntry Length="1" RootTermCovItemId="C1">
<MapEntry BoolAssgnmnt="0" Value="2"/>
<MapEntry BoolAssgnmnt="1" Value="2"/>
</AssgnmntListEntry>
<AssgnmntListEntry Length="5" RootTermCovItemId="C2">
<MapEntry BoolAssgnmnt="00000" Value="50"/>
</AssgnmntListEntry>
<AssgnmntListEntry Length="2" RootTermCovItemId="C3">
<MapEntry BoolAssgnmnt="00" Value="1"/>
<MapEntry BoolAssgnmnt="01" Value="1"/>
<MapEntry BoolAssgnmnt="12" Value="1"/>
</AssgnmntListEntry>
<AssgnmntListEntry Length="1" RootTermCovItemId="C4">
<MapEntry BoolAssgnmnt="0" Value="2"/>
<MapEntry BoolAssgnmnt="1" Value="10"/>
</AssgnmntListEntry>
</AssgnmntPrefix>
</AssgnmntList>
<ObjMetaDataList/>
<MetaDataList/>
</TestCase>
<MetaDataList/>
</TestSession>
</TestSessionContainer>
